{"level":"info","message":"Users file loaded successfully","timestamp":"2024-11-06T17:26:24.320Z","userCount":2,"users":[{"email":"batwzrd@hotmail.com","name":"Tim"},{"email":"kristino4ka388@gmail.com","name":"Christy"}]}
{"level":"info","message":"Users file loaded successfully","timestamp":"2024-11-06T17:35:04.794Z","userCount":2,"users":[{"email":"batwzrd@hotmail.com","name":"Tim"},{"email":"kristino4ka388@gmail.com","name":"Christy"}]}
{"isAuthenticated":false,"level":"info","message":"Request received:","method":"GET","path":"/login.html","timestamp":"2024-11-06T17:35:11.867Z"}
{"isAuthenticated":false,"level":"info","message":"Request received:","method":"GET","path":"/styles.css","timestamp":"2024-11-06T17:35:11.898Z"}
{"level":"info","message":"Unauthorized access attempt:","path":"/styles.css","timestamp":"2024-11-06T17:35:11.899Z"}
{"isAuthenticated":false,"level":"info","message":"Request received:","method":"GET","path":"/login.html","timestamp":"2024-11-06T17:35:11.904Z"}
{"isAuthenticated":false,"level":"info","message":"Request received:","method":"POST","path":"/login","timestamp":"2024-11-06T17:35:22.321Z"}
{"body":{"email":"kjsd@kjdg.kjvb"},"level":"info","message":"Login attempt received:","timestamp":"2024-11-06T17:35:22.322Z"}
{"attemptedEmail":"kjsd@kjdg.kjvb","level":"info","message":"Login check result:","timestamp":"2024-11-06T17:35:22.322Z","userFound":false}
{"attemptedEmail":"kjsd@kjdg.kjvb","level":"info","message":"Login failed - user not found:","timestamp":"2024-11-06T17:35:22.322Z"}
{"isAuthenticated":false,"level":"info","message":"Request received:","method":"POST","path":"/login","timestamp":"2024-11-06T17:35:28.737Z"}
{"body":{"email":"batwzrd@hotmail.com"},"level":"info","message":"Login attempt received:","timestamp":"2024-11-06T17:35:28.737Z"}
{"attemptedEmail":"batwzrd@hotmail.com","level":"info","message":"Login check result:","timestamp":"2024-11-06T17:35:28.737Z","userFound":true}
{"level":"info","message":"Login successful:","timestamp":"2024-11-06T17:35:28.737Z","user":{"email":"batwzrd@hotmail.com","name":"Tim"}}
{"isAuthenticated":true,"level":"info","message":"Request received:","method":"GET","path":"/index.html","timestamp":"2024-11-06T17:35:28.753Z"}
{"isAuthenticated":true,"level":"info","message":"Request received:","method":"GET","path":"/styles.css","timestamp":"2024-11-06T17:35:28.786Z"}
{"isAuthenticated":true,"level":"info","message":"Request received:","method":"GET","path":"/app.js","timestamp":"2024-11-06T17:35:28.792Z"}
{"isAuthenticated":true,"level":"info","message":"Request received:","method":"POST","path":"/logout","timestamp":"2024-11-06T17:36:04.292Z"}
{"isAuthenticated":false,"level":"info","message":"Request received:","method":"GET","path":"/login.html","timestamp":"2024-11-06T17:36:04.307Z"}
{"isAuthenticated":false,"level":"info","message":"Request received:","method":"GET","path":"/styles.css","timestamp":"2024-11-06T17:36:04.352Z"}
{"level":"info","message":"Unauthorized access attempt:","path":"/styles.css","timestamp":"2024-11-06T17:36:04.352Z"}
{"isAuthenticated":false,"level":"info","message":"Request received:","method":"GET","path":"/login.html","timestamp":"2024-11-06T17:36:04.358Z"}
{"isAuthenticated":false,"level":"info","message":"Request received:","method":"POST","path":"/login","timestamp":"2024-11-06T17:36:07.815Z"}
{"body":{"email":"batwzrd@hotmail.com"},"level":"info","message":"Login attempt received:","timestamp":"2024-11-06T17:36:07.815Z"}
{"attemptedEmail":"batwzrd@hotmail.com","level":"info","message":"Login check result:","timestamp":"2024-11-06T17:36:07.815Z","userFound":true}
{"level":"info","message":"Login successful:","timestamp":"2024-11-06T17:36:07.815Z","user":{"email":"batwzrd@hotmail.com","name":"Tim"}}
{"isAuthenticated":true,"level":"info","message":"Request received:","method":"GET","path":"/index.html","timestamp":"2024-11-06T17:36:07.830Z"}
{"isAuthenticated":true,"level":"info","message":"Request received:","method":"GET","path":"/styles.css","timestamp":"2024-11-06T17:36:07.861Z"}
{"isAuthenticated":true,"level":"info","message":"Request received:","method":"GET","path":"/app.js","timestamp":"2024-11-06T17:36:07.865Z"}
{"isAuthenticated":true,"level":"info","message":"Request received:","method":"GET","path":"/","timestamp":"2024-11-06T17:37:28.802Z"}
{"isAuthenticated":true,"level":"info","message":"Request received:","method":"GET","path":"/styles.css","timestamp":"2024-11-06T17:37:28.838Z"}
{"isAuthenticated":true,"level":"info","message":"Request received:","method":"GET","path":"/app.js","timestamp":"2024-11-06T17:37:28.843Z"}
{"isAuthenticated":true,"level":"info","message":"Request received:","method":"POST","path":"/logout","timestamp":"2024-11-06T17:37:34.133Z"}
{"isAuthenticated":false,"level":"info","message":"Request received:","method":"GET","path":"/login.html","timestamp":"2024-11-06T17:37:34.147Z"}
{"isAuthenticated":false,"level":"info","message":"Request received:","method":"GET","path":"/styles.css","timestamp":"2024-11-06T17:37:34.181Z"}
{"level":"info","message":"Unauthorized access attempt:","path":"/styles.css","timestamp":"2024-11-06T17:37:34.181Z"}
{"isAuthenticated":false,"level":"info","message":"Request received:","method":"GET","path":"/login.html","timestamp":"2024-11-06T17:37:34.188Z"}
{"isAuthenticated":false,"level":"info","message":"Request received:","method":"POST","path":"/login","timestamp":"2024-11-06T17:37:37.479Z"}
{"body":{"email":"kristino4ka388@gmail.com"},"level":"info","message":"Login attempt received:","timestamp":"2024-11-06T17:37:37.479Z"}
{"attemptedEmail":"kristino4ka388@gmail.com","level":"info","message":"Login check result:","timestamp":"2024-11-06T17:37:37.479Z","userFound":true}
{"level":"info","message":"Login successful:","timestamp":"2024-11-06T17:37:37.479Z","user":{"email":"kristino4ka388@gmail.com","name":"Christy"}}
{"isAuthenticated":true,"level":"info","message":"Request received:","method":"GET","path":"/index.html","timestamp":"2024-11-06T17:37:37.493Z"}
{"isAuthenticated":true,"level":"info","message":"Request received:","method":"GET","path":"/styles.css","timestamp":"2024-11-06T17:37:37.522Z"}
{"isAuthenticated":true,"level":"info","message":"Request received:","method":"GET","path":"/app.js","timestamp":"2024-11-06T17:37:37.524Z"}
{"level":"info","message":"Users file loaded successfully","timestamp":"2024-11-06T18:12:41.333Z","userCount":2,"users":[{"email":"batwzrd@hotmail.com","name":"Tim"},{"email":"kristino4ka388@gmail.com","name":"Christy"}]}
{"isAuthenticated":false,"level":"info","message":"Request received:","method":"GET","path":"/index.html","timestamp":"2024-11-06T18:12:44.621Z"}
{"level":"info","message":"Unauthorized access attempt:","path":"/index.html","timestamp":"2024-11-06T18:12:44.622Z"}
{"isAuthenticated":false,"level":"info","message":"Request received:","method":"GET","path":"/login.html","timestamp":"2024-11-06T18:12:44.627Z"}
{"isAuthenticated":false,"level":"info","message":"Request received:","method":"GET","path":"/styles.css","timestamp":"2024-11-06T18:12:44.661Z"}
{"level":"info","message":"Unauthorized access attempt:","path":"/styles.css","timestamp":"2024-11-06T18:12:44.661Z"}
{"isAuthenticated":false,"level":"info","message":"Request received:","method":"GET","path":"/login.html","timestamp":"2024-11-06T18:12:44.666Z"}
{"isAuthenticated":false,"level":"info","message":"Request received:","method":"GET","path":"/index.html","timestamp":"2024-11-06T18:12:52.246Z"}
{"level":"info","message":"Unauthorized access attempt:","path":"/index.html","timestamp":"2024-11-06T18:12:52.246Z"}
{"isAuthenticated":false,"level":"info","message":"Request received:","method":"GET","path":"/login.html","timestamp":"2024-11-06T18:12:52.250Z"}
{"isAuthenticated":false,"level":"info","message":"Request received:","method":"GET","path":"/styles.css","timestamp":"2024-11-06T18:12:52.278Z"}
{"level":"info","message":"Unauthorized access attempt:","path":"/styles.css","timestamp":"2024-11-06T18:12:52.278Z"}
{"isAuthenticated":false,"level":"info","message":"Request received:","method":"GET","path":"/login.html","timestamp":"2024-11-06T18:12:52.283Z"}
{"isAuthenticated":false,"level":"info","message":"Request received:","method":"POST","path":"/login","timestamp":"2024-11-06T18:12:57.187Z"}
{"body":{"email":"batwzrd@hotmail.com"},"level":"info","message":"Login attempt received:","timestamp":"2024-11-06T18:12:57.187Z"}
{"attemptedEmail":"batwzrd@hotmail.com","level":"info","message":"Login check result:","timestamp":"2024-11-06T18:12:57.188Z","userFound":true}
{"level":"info","message":"Login successful:","timestamp":"2024-11-06T18:12:57.188Z","user":{"email":"batwzrd@hotmail.com","name":"Tim"}}
{"isAuthenticated":true,"level":"info","message":"Request received:","method":"GET","path":"/index.html","timestamp":"2024-11-06T18:12:57.202Z"}
{"isAuthenticated":true,"level":"info","message":"Request received:","method":"GET","path":"/styles.css","timestamp":"2024-11-06T18:12:57.237Z"}
{"isAuthenticated":true,"level":"info","message":"Request received:","method":"GET","path":"/app.js","timestamp":"2024-11-06T18:12:57.260Z"}
{"isAuthenticated":true,"level":"info","message":"Request received:","method":"GET","path":"/check-auth","timestamp":"2024-11-06T18:12:57.273Z"}
{"isAuthenticated":true,"level":"info","message":"Request received:","method":"POST","path":"/login","timestamp":"2024-11-06T18:13:03.873Z"}
{"body":{"email":"kristino4ka388@gmail.com"},"level":"info","message":"Login attempt received:","timestamp":"2024-11-06T18:13:03.873Z"}
{"attemptedEmail":"kristino4ka388@gmail.com","level":"info","message":"Login check result:","timestamp":"2024-11-06T18:13:03.873Z","userFound":true}
{"level":"info","message":"Login successful:","timestamp":"2024-11-06T18:13:03.873Z","user":{"email":"kristino4ka388@gmail.com","name":"Christy"}}
{"isAuthenticated":true,"level":"info","message":"Request received:","method":"GET","path":"/index.html","timestamp":"2024-11-06T18:13:03.886Z"}
{"isAuthenticated":true,"level":"info","message":"Request received:","method":"GET","path":"/styles.css","timestamp":"2024-11-06T18:13:03.915Z"}
{"isAuthenticated":true,"level":"info","message":"Request received:","method":"GET","path":"/app.js","timestamp":"2024-11-06T18:13:03.917Z"}
{"isAuthenticated":true,"level":"info","message":"Request received:","method":"GET","path":"/check-auth","timestamp":"2024-11-06T18:13:03.937Z"}
{"isAuthenticated":true,"level":"info","message":"Request received:","method":"GET","path":"/index.html","timestamp":"2024-11-06T18:20:24.312Z"}
{"isAuthenticated":true,"level":"info","message":"Request received:","method":"GET","path":"/styles.css","timestamp":"2024-11-06T18:20:24.343Z"}
{"isAuthenticated":true,"level":"info","message":"Request received:","method":"GET","path":"/app.js","timestamp":"2024-11-06T18:20:24.347Z"}
{"isAuthenticated":true,"level":"info","message":"Request received:","method":"GET","path":"/check-auth","timestamp":"2024-11-06T18:20:24.367Z"}
{"isAuthenticated":true,"level":"info","message":"Request received:","method":"GET","path":"/index.html","timestamp":"2024-11-06T18:20:34.931Z"}
{"isAuthenticated":true,"level":"info","message":"Request received:","method":"GET","path":"/styles.css","timestamp":"2024-11-06T18:20:34.955Z"}
{"isAuthenticated":true,"level":"info","message":"Request received:","method":"GET","path":"/app.js","timestamp":"2024-11-06T18:20:34.958Z"}
{"isAuthenticated":true,"level":"info","message":"Request received:","method":"GET","path":"/check-auth","timestamp":"2024-11-06T18:20:34.971Z"}
{"level":"info","message":"Users file loaded successfully","timestamp":"2024-11-06T18:32:27.922Z","userCount":2,"users":[{"email":"batwzrd@hotmail.com","name":"Tim"},{"email":"kristino4ka388@gmail.com","name":"Christy"}]}
{"isAuthenticated":false,"level":"info","message":"Request received:","method":"GET","path":"/index.html","timestamp":"2024-11-06T18:32:33.070Z"}
{"level":"info","message":"Unauthorized access attempt:","path":"/index.html","timestamp":"2024-11-06T18:32:33.070Z"}
{"isAuthenticated":false,"level":"info","message":"Request received:","method":"GET","path":"/login.html","timestamp":"2024-11-06T18:32:33.077Z"}
{"isAuthenticated":false,"level":"info","message":"Request received:","method":"GET","path":"/styles.css","timestamp":"2024-11-06T18:32:33.116Z"}
{"level":"info","message":"Unauthorized access attempt:","path":"/styles.css","timestamp":"2024-11-06T18:32:33.116Z"}
{"isAuthenticated":false,"level":"info","message":"Request received:","method":"GET","path":"/login.html","timestamp":"2024-11-06T18:32:33.121Z"}
{"isAuthenticated":false,"level":"info","message":"Request received:","method":"GET","path":"/index.html","timestamp":"2024-11-06T18:32:35.837Z"}
{"level":"info","message":"Unauthorized access attempt:","path":"/index.html","timestamp":"2024-11-06T18:32:35.837Z"}
{"isAuthenticated":false,"level":"info","message":"Request received:","method":"GET","path":"/login.html","timestamp":"2024-11-06T18:32:35.843Z"}
{"isAuthenticated":false,"level":"info","message":"Request received:","method":"GET","path":"/styles.css","timestamp":"2024-11-06T18:32:35.869Z"}
{"level":"info","message":"Unauthorized access attempt:","path":"/styles.css","timestamp":"2024-11-06T18:32:35.869Z"}
{"isAuthenticated":false,"level":"info","message":"Request received:","method":"GET","path":"/login.html","timestamp":"2024-11-06T18:32:35.873Z"}
{"isAuthenticated":false,"level":"info","message":"Request received:","method":"POST","path":"/login","timestamp":"2024-11-06T18:32:39.672Z"}
{"body":{"email":"kristino4ka388@gmail.com"},"level":"info","message":"Login attempt received:","timestamp":"2024-11-06T18:32:39.672Z"}
{"attemptedEmail":"kristino4ka388@gmail.com","level":"info","message":"Login check result:","timestamp":"2024-11-06T18:32:39.672Z","userFound":true}
{"level":"info","message":"Login successful:","timestamp":"2024-11-06T18:32:39.673Z","user":{"email":"kristino4ka388@gmail.com","name":"Christy"}}
{"isAuthenticated":true,"level":"info","message":"Request received:","method":"GET","path":"/index.html","timestamp":"2024-11-06T18:32:39.687Z"}
{"isAuthenticated":true,"level":"info","message":"Request received:","method":"GET","path":"/styles.css","timestamp":"2024-11-06T18:32:39.720Z"}
{"isAuthenticated":true,"level":"info","message":"Request received:","method":"GET","path":"/app.js","timestamp":"2024-11-06T18:32:39.723Z"}
{"isAuthenticated":true,"level":"info","message":"Request received:","method":"GET","path":"/check-auth","timestamp":"2024-11-06T18:32:39.736Z"}
{"isAuthenticated":true,"level":"info","message":"Request received:","method":"POST","path":"/login","timestamp":"2024-11-06T18:32:46.863Z"}
{"body":{"email":"batwzrd@hotmail.com"},"level":"info","message":"Login attempt received:","timestamp":"2024-11-06T18:32:46.863Z"}
{"attemptedEmail":"batwzrd@hotmail.com","level":"info","message":"Login check result:","timestamp":"2024-11-06T18:32:46.863Z","userFound":true}
{"level":"info","message":"Login successful:","timestamp":"2024-11-06T18:32:46.863Z","user":{"email":"batwzrd@hotmail.com","name":"Tim"}}
{"isAuthenticated":true,"level":"info","message":"Request received:","method":"GET","path":"/index.html","timestamp":"2024-11-06T18:32:46.875Z"}
{"isAuthenticated":true,"level":"info","message":"Request received:","method":"GET","path":"/styles.css","timestamp":"2024-11-06T18:32:46.906Z"}
{"isAuthenticated":true,"level":"info","message":"Request received:","method":"GET","path":"/app.js","timestamp":"2024-11-06T18:32:46.909Z"}
{"isAuthenticated":true,"level":"info","message":"Request received:","method":"GET","path":"/check-auth","timestamp":"2024-11-06T18:32:46.923Z"}
{"level":"info","message":"Users file loaded successfully","timestamp":"2024-11-06T18:39:19.689Z","userCount":2,"users":[{"email":"batwzrd@hotmail.com","name":"Tim"},{"email":"kristino4ka388@gmail.com","name":"Christy"}]}
{"isAuthenticated":false,"level":"info","message":"Request received:","method":"GET","path":"/index.html","timestamp":"2024-11-06T18:39:24.320Z"}
{"level":"info","message":"Unauthorized access attempt:","path":"/index.html","timestamp":"2024-11-06T18:39:24.321Z"}
{"isAuthenticated":false,"level":"info","message":"Request received:","method":"GET","path":"/login.html","timestamp":"2024-11-06T18:39:24.326Z"}
{"isAuthenticated":false,"level":"info","message":"Request received:","method":"GET","path":"/styles.css","timestamp":"2024-11-06T18:39:24.363Z"}
{"level":"info","message":"Unauthorized access attempt:","path":"/styles.css","timestamp":"2024-11-06T18:39:24.363Z"}
{"isAuthenticated":false,"level":"info","message":"Request received:","method":"GET","path":"/login.html","timestamp":"2024-11-06T18:39:24.367Z"}
{"isAuthenticated":false,"level":"info","message":"Request received:","method":"GET","path":"/index.html","timestamp":"2024-11-06T18:39:26.839Z"}
{"level":"info","message":"Unauthorized access attempt:","path":"/index.html","timestamp":"2024-11-06T18:39:26.839Z"}
{"isAuthenticated":false,"level":"info","message":"Request received:","method":"GET","path":"/login.html","timestamp":"2024-11-06T18:39:26.842Z"}
{"isAuthenticated":false,"level":"info","message":"Request received:","method":"GET","path":"/styles.css","timestamp":"2024-11-06T18:39:26.870Z"}
{"level":"info","message":"Unauthorized access attempt:","path":"/styles.css","timestamp":"2024-11-06T18:39:26.870Z"}
{"isAuthenticated":false,"level":"info","message":"Request received:","method":"GET","path":"/login.html","timestamp":"2024-11-06T18:39:26.876Z"}
{"isAuthenticated":false,"level":"info","message":"Request received:","method":"POST","path":"/login","timestamp":"2024-11-06T18:39:30.997Z"}
{"body":{"email":"kristino4ka388@gmail.com"},"level":"info","message":"Login attempt received:","timestamp":"2024-11-06T18:39:30.998Z"}
{"attemptedEmail":"kristino4ka388@gmail.com","level":"info","message":"Login check result:","timestamp":"2024-11-06T18:39:30.998Z","userFound":true}
{"level":"info","message":"Login successful:","timestamp":"2024-11-06T18:39:30.998Z","user":{"email":"kristino4ka388@gmail.com","name":"Christy"}}
{"isAuthenticated":true,"level":"info","message":"Request received:","method":"GET","path":"/index.html","timestamp":"2024-11-06T18:39:31.012Z"}
{"isAuthenticated":true,"level":"info","message":"Request received:","method":"GET","path":"/styles.css","timestamp":"2024-11-06T18:39:31.044Z"}
{"isAuthenticated":true,"level":"info","message":"Request received:","method":"GET","path":"/app.js","timestamp":"2024-11-06T18:39:31.048Z"}
{"isAuthenticated":true,"level":"info","message":"Request received:","method":"GET","path":"/check-auth","timestamp":"2024-11-06T18:39:31.067Z"}
{"isAuthenticated":true,"level":"info","message":"Request received:","method":"POST","path":"/login","timestamp":"2024-11-06T18:39:35.553Z"}
{"body":{"email":"batwzrd@hotmail.com"},"level":"info","message":"Login attempt received:","timestamp":"2024-11-06T18:39:35.554Z"}
{"attemptedEmail":"batwzrd@hotmail.com","level":"info","message":"Login check result:","timestamp":"2024-11-06T18:39:35.554Z","userFound":true}
{"level":"info","message":"Login successful:","timestamp":"2024-11-06T18:39:35.554Z","user":{"email":"batwzrd@hotmail.com","name":"Tim"}}
{"isAuthenticated":true,"level":"info","message":"Request received:","method":"GET","path":"/index.html","timestamp":"2024-11-06T18:39:35.568Z"}
{"isAuthenticated":true,"level":"info","message":"Request received:","method":"GET","path":"/styles.css","timestamp":"2024-11-06T18:39:35.599Z"}
{"isAuthenticated":true,"level":"info","message":"Request received:","method":"GET","path":"/app.js","timestamp":"2024-11-06T18:39:35.604Z"}
{"isAuthenticated":true,"level":"info","message":"Request received:","method":"GET","path":"/check-auth","timestamp":"2024-11-06T18:39:35.620Z"}
{"level":"info","message":"Users file loaded successfully","timestamp":"2024-11-06T18:55:15.895Z","userCount":2,"users":[{"email":"batwzrd@hotmail.com","name":"Tim"},{"email":"kristino4ka388@gmail.com","name":"Christy"}]}
{"isAuthenticated":false,"level":"info","message":"Request received:","method":"GET","path":"/index.html","timestamp":"2024-11-06T18:55:23.995Z"}
{"level":"info","message":"Unauthorized access attempt:","path":"/index.html","timestamp":"2024-11-06T18:55:23.995Z"}
{"isAuthenticated":false,"level":"info","message":"Request received:","method":"GET","path":"/login.html","timestamp":"2024-11-06T18:55:24.002Z"}
{"isAuthenticated":false,"level":"info","message":"Request received:","method":"GET","path":"/styles.css","timestamp":"2024-11-06T18:55:24.040Z"}
{"level":"info","message":"Unauthorized access attempt:","path":"/styles.css","timestamp":"2024-11-06T18:55:24.040Z"}
{"isAuthenticated":false,"level":"info","message":"Request received:","method":"GET","path":"/login.html","timestamp":"2024-11-06T18:55:24.045Z"}
{"isAuthenticated":false,"level":"info","message":"Request received:","method":"GET","path":"/index.html","timestamp":"2024-11-06T18:55:26.708Z"}
{"level":"info","message":"Unauthorized access attempt:","path":"/index.html","timestamp":"2024-11-06T18:55:26.712Z"}
{"isAuthenticated":false,"level":"info","message":"Request received:","method":"GET","path":"/login.html","timestamp":"2024-11-06T18:55:26.719Z"}
{"isAuthenticated":false,"level":"info","message":"Request received:","method":"GET","path":"/styles.css","timestamp":"2024-11-06T18:55:26.744Z"}
{"level":"info","message":"Unauthorized access attempt:","path":"/styles.css","timestamp":"2024-11-06T18:55:26.744Z"}
{"isAuthenticated":false,"level":"info","message":"Request received:","method":"GET","path":"/login.html","timestamp":"2024-11-06T18:55:26.752Z"}
{"isAuthenticated":false,"level":"info","message":"Request received:","method":"POST","path":"/login","timestamp":"2024-11-06T18:55:30.016Z"}
{"body":{"email":"kristino4ka388@gmail.com"},"level":"info","message":"Login attempt received:","timestamp":"2024-11-06T18:55:30.017Z"}
{"attemptedEmail":"kristino4ka388@gmail.com","level":"info","message":"Login check result:","timestamp":"2024-11-06T18:55:30.017Z","userFound":true}
{"level":"info","message":"Login successful:","timestamp":"2024-11-06T18:55:30.017Z","user":{"email":"kristino4ka388@gmail.com","name":"Christy"}}
{"isAuthenticated":true,"level":"info","message":"Request received:","method":"GET","path":"/index.html","timestamp":"2024-11-06T18:55:30.032Z"}
{"isAuthenticated":true,"level":"info","message":"Request received:","method":"GET","path":"/styles.css","timestamp":"2024-11-06T18:55:30.066Z"}
{"isAuthenticated":true,"level":"info","message":"Request received:","method":"GET","path":"/app.js","timestamp":"2024-11-06T18:55:30.069Z"}
{"isAuthenticated":true,"level":"info","message":"Request received:","method":"GET","path":"/check-auth","timestamp":"2024-11-06T18:55:30.085Z"}
{"language":"EN","level":"info","message":"Language set:","socketId":"vQDnau2iHP-qKDGbAAAF","timestamp":"2024-11-06T18:55:30.141Z"}
{"isAuthenticated":true,"level":"info","message":"Request received:","method":"POST","path":"/login","timestamp":"2024-11-06T18:55:34.272Z"}
{"body":{"email":"batwzrd@hotmail.com"},"level":"info","message":"Login attempt received:","timestamp":"2024-11-06T18:55:34.272Z"}
{"attemptedEmail":"batwzrd@hotmail.com","level":"info","message":"Login check result:","timestamp":"2024-11-06T18:55:34.272Z","userFound":true}
{"level":"info","message":"Login successful:","timestamp":"2024-11-06T18:55:34.272Z","user":{"email":"batwzrd@hotmail.com","name":"Tim"}}
{"isAuthenticated":true,"level":"info","message":"Request received:","method":"GET","path":"/index.html","timestamp":"2024-11-06T18:55:34.285Z"}
{"isAuthenticated":true,"level":"info","message":"Request received:","method":"GET","path":"/styles.css","timestamp":"2024-11-06T18:55:34.317Z"}
{"isAuthenticated":true,"level":"info","message":"Request received:","method":"GET","path":"/app.js","timestamp":"2024-11-06T18:55:34.325Z"}
{"isAuthenticated":true,"level":"info","message":"Request received:","method":"GET","path":"/check-auth","timestamp":"2024-11-06T18:55:34.348Z"}
{"language":"EN","level":"info","message":"Language set:","socketId":"LWxV4yms21v9E1BdAAAH","timestamp":"2024-11-06T18:55:34.388Z"}
{"language":"UK","level":"info","message":"Language set:","socketId":"vQDnau2iHP-qKDGbAAAF","timestamp":"2024-11-06T18:56:38.526Z"}
{"level":"info","message":"Users file loaded successfully","timestamp":"2024-11-06T19:08:46.997Z","userCount":2,"users":[{"email":"batwzrd@hotmail.com","name":"Tim"},{"email":"kristino4ka388@gmail.com","name":"Christy"}]}
{"isAuthenticated":false,"level":"info","message":"Request received:","method":"GET","path":"/index.html","timestamp":"2024-11-06T19:08:53.433Z"}
{"level":"info","message":"Unauthorized access attempt:","path":"/index.html","timestamp":"2024-11-06T19:08:53.434Z"}
{"isAuthenticated":false,"level":"info","message":"Request received:","method":"GET","path":"/login.html","timestamp":"2024-11-06T19:08:53.439Z"}
{"isAuthenticated":false,"level":"info","message":"Request received:","method":"GET","path":"/styles.css","timestamp":"2024-11-06T19:08:53.476Z"}
{"level":"info","message":"Unauthorized access attempt:","path":"/styles.css","timestamp":"2024-11-06T19:08:53.476Z"}
{"isAuthenticated":false,"level":"info","message":"Request received:","method":"GET","path":"/login.html","timestamp":"2024-11-06T19:08:53.480Z"}
{"isAuthenticated":false,"level":"info","message":"Request received:","method":"GET","path":"/index.html","timestamp":"2024-11-06T19:08:56.509Z"}
{"level":"info","message":"Unauthorized access attempt:","path":"/index.html","timestamp":"2024-11-06T19:08:56.509Z"}
{"isAuthenticated":false,"level":"info","message":"Request received:","method":"GET","path":"/login.html","timestamp":"2024-11-06T19:08:56.513Z"}
{"isAuthenticated":false,"level":"info","message":"Request received:","method":"GET","path":"/styles.css","timestamp":"2024-11-06T19:08:56.543Z"}
{"level":"info","message":"Unauthorized access attempt:","path":"/styles.css","timestamp":"2024-11-06T19:08:56.543Z"}
{"isAuthenticated":false,"level":"info","message":"Request received:","method":"GET","path":"/login.html","timestamp":"2024-11-06T19:08:56.547Z"}
{"isAuthenticated":false,"level":"info","message":"Request received:","method":"POST","path":"/login","timestamp":"2024-11-06T19:09:00.515Z"}
{"body":{"email":"kristino4ka388@gmail.com"},"level":"info","message":"Login attempt received:","timestamp":"2024-11-06T19:09:00.515Z"}
{"attemptedEmail":"kristino4ka388@gmail.com","level":"info","message":"Login check result:","timestamp":"2024-11-06T19:09:00.516Z","userFound":true}
{"level":"info","message":"Login successful:","timestamp":"2024-11-06T19:09:00.516Z","user":{"email":"kristino4ka388@gmail.com","name":"Christy"}}
{"isAuthenticated":true,"level":"info","message":"Request received:","method":"GET","path":"/index.html","timestamp":"2024-11-06T19:09:00.534Z"}
{"isAuthenticated":true,"level":"info","message":"Request received:","method":"GET","path":"/styles.css","timestamp":"2024-11-06T19:09:00.569Z"}
{"isAuthenticated":true,"level":"info","message":"Request received:","method":"GET","path":"/app.js","timestamp":"2024-11-06T19:09:00.573Z"}
{"isAuthenticated":true,"level":"info","message":"Request received:","method":"GET","path":"/check-auth","timestamp":"2024-11-06T19:09:00.595Z"}
{"language":"EN","level":"info","message":"Language set:","socketId":"JjKxvrhw2Pip021gAAAF","timestamp":"2024-11-06T19:09:00.649Z"}
{"isAuthenticated":true,"level":"info","message":"Request received:","method":"POST","path":"/login","timestamp":"2024-11-06T19:09:04.769Z"}
{"body":{"email":"batwzrd@hotmail.com"},"level":"info","message":"Login attempt received:","timestamp":"2024-11-06T19:09:04.770Z"}
{"attemptedEmail":"batwzrd@hotmail.com","level":"info","message":"Login check result:","timestamp":"2024-11-06T19:09:04.770Z","userFound":true}
{"level":"info","message":"Login successful:","timestamp":"2024-11-06T19:09:04.770Z","user":{"email":"batwzrd@hotmail.com","name":"Tim"}}
{"isAuthenticated":true,"level":"info","message":"Request received:","method":"GET","path":"/index.html","timestamp":"2024-11-06T19:09:04.782Z"}
{"isAuthenticated":true,"level":"info","message":"Request received:","method":"GET","path":"/styles.css","timestamp":"2024-11-06T19:09:04.813Z"}
{"isAuthenticated":true,"level":"info","message":"Request received:","method":"GET","path":"/app.js","timestamp":"2024-11-06T19:09:04.815Z"}
{"isAuthenticated":true,"level":"info","message":"Request received:","method":"GET","path":"/check-auth","timestamp":"2024-11-06T19:09:04.829Z"}
{"language":"EN","level":"info","message":"Language set:","socketId":"iOrJqUHKRsQtf8fuAAAH","timestamp":"2024-11-06T19:09:04.890Z"}
{"level":"info","message":"Users file loaded successfully","timestamp":"2024-11-06T20:12:42.195Z","userCount":2,"users":[{"email":"batwzrd@hotmail.com","name":"Tim"},{"email":"kristino4ka388@gmail.com","name":"Christy"}]}
{"isAuthenticated":false,"level":"info","message":"Request received:","method":"GET","path":"/index.html","timestamp":"2024-11-06T20:12:47.499Z"}
{"level":"info","message":"Unauthorized access attempt:","path":"/index.html","timestamp":"2024-11-06T20:12:47.499Z"}
{"isAuthenticated":false,"level":"info","message":"Request received:","method":"GET","path":"/login.html","timestamp":"2024-11-06T20:12:47.505Z"}
{"isAuthenticated":false,"level":"info","message":"Request received:","method":"GET","path":"/styles.css","timestamp":"2024-11-06T20:12:47.540Z"}
{"level":"info","message":"Unauthorized access attempt:","path":"/styles.css","timestamp":"2024-11-06T20:12:47.541Z"}
{"isAuthenticated":false,"level":"info","message":"Request received:","method":"GET","path":"/login.html","timestamp":"2024-11-06T20:12:47.544Z"}
{"isAuthenticated":false,"level":"info","message":"Request received:","method":"GET","path":"/index.html","timestamp":"2024-11-06T20:12:49.988Z"}
{"level":"info","message":"Unauthorized access attempt:","path":"/index.html","timestamp":"2024-11-06T20:12:49.988Z"}
{"isAuthenticated":false,"level":"info","message":"Request received:","method":"GET","path":"/login.html","timestamp":"2024-11-06T20:12:49.991Z"}
{"isAuthenticated":false,"level":"info","message":"Request received:","method":"GET","path":"/styles.css","timestamp":"2024-11-06T20:12:50.010Z"}
{"level":"info","message":"Unauthorized access attempt:","path":"/styles.css","timestamp":"2024-11-06T20:12:50.010Z"}
{"isAuthenticated":false,"level":"info","message":"Request received:","method":"GET","path":"/login.html","timestamp":"2024-11-06T20:12:50.023Z"}
{"isAuthenticated":false,"level":"info","message":"Request received:","method":"POST","path":"/login","timestamp":"2024-11-06T20:12:54.042Z"}
{"body":{"email":"kristino4ka388@gmail.com"},"level":"info","message":"Login attempt received:","timestamp":"2024-11-06T20:12:54.042Z"}
{"attemptedEmail":"kristino4ka388@gmail.com","level":"info","message":"Login check result:","timestamp":"2024-11-06T20:12:54.043Z","userFound":true}
{"level":"info","message":"Login successful:","timestamp":"2024-11-06T20:12:54.043Z","user":{"email":"kristino4ka388@gmail.com","name":"Christy"}}
{"isAuthenticated":true,"level":"info","message":"Request received:","method":"GET","path":"/index.html","timestamp":"2024-11-06T20:12:54.057Z"}
{"isAuthenticated":true,"level":"info","message":"Request received:","method":"GET","path":"/styles.css","timestamp":"2024-11-06T20:12:54.155Z"}
{"isAuthenticated":true,"level":"info","message":"Request received:","method":"GET","path":"/sounds/ringtone.mp3","timestamp":"2024-11-06T20:12:54.160Z"}
{"isAuthenticated":true,"level":"info","message":"Request received:","method":"GET","path":"/app.js","timestamp":"2024-11-06T20:12:54.180Z"}
{"isAuthenticated":true,"level":"info","message":"Request received:","method":"GET","path":"/sounds/hangup.wav","timestamp":"2024-11-06T20:12:54.187Z"}
{"isAuthenticated":true,"level":"info","message":"Request received:","method":"GET","path":"/sounds/notification.mp3","timestamp":"2024-11-06T20:12:54.189Z"}
{"isAuthenticated":true,"level":"info","message":"Request received:","method":"GET","path":"/check-auth","timestamp":"2024-11-06T20:12:54.197Z"}
{"language":"EN","level":"info","message":"Language set:","socketId":"KQ67mMAnd_EW8sCPAAAF","timestamp":"2024-11-06T20:12:54.255Z"}
{"language":"UK","level":"info","message":"Language set:","socketId":"KQ67mMAnd_EW8sCPAAAF","timestamp":"2024-11-06T20:12:57.541Z"}
{"isAuthenticated":true,"level":"info","message":"Request received:","method":"POST","path":"/login","timestamp":"2024-11-06T20:13:01.780Z"}
{"body":{"email":"batwzrd@hotmail.com"},"level":"info","message":"Login attempt received:","timestamp":"2024-11-06T20:13:01.780Z"}
{"attemptedEmail":"batwzrd@hotmail.com","level":"info","message":"Login check result:","timestamp":"2024-11-06T20:13:01.780Z","userFound":true}
{"level":"info","message":"Login successful:","timestamp":"2024-11-06T20:13:01.780Z","user":{"email":"batwzrd@hotmail.com","name":"Tim"}}
{"isAuthenticated":true,"level":"info","message":"Request received:","method":"GET","path":"/index.html","timestamp":"2024-11-06T20:13:01.793Z"}
{"isAuthenticated":true,"level":"info","message":"Request received:","method":"GET","path":"/styles.css","timestamp":"2024-11-06T20:13:01.825Z"}
{"isAuthenticated":true,"level":"info","message":"Request received:","method":"GET","path":"/app.js","timestamp":"2024-11-06T20:13:01.833Z"}
{"isAuthenticated":true,"level":"info","message":"Request received:","method":"GET","path":"/sounds/ringtone.mp3","timestamp":"2024-11-06T20:13:01.836Z"}
{"isAuthenticated":true,"level":"info","message":"Request received:","method":"GET","path":"/sounds/hangup.wav","timestamp":"2024-11-06T20:13:01.837Z"}
{"isAuthenticated":true,"level":"info","message":"Request received:","method":"GET","path":"/sounds/notification.mp3","timestamp":"2024-11-06T20:13:01.839Z"}
{"isAuthenticated":true,"level":"info","message":"Request received:","method":"GET","path":"/check-auth","timestamp":"2024-11-06T20:13:01.859Z"}
{"language":"EN","level":"info","message":"Language set:","socketId":"qcm63857FlUh5uJ9AAAH","timestamp":"2024-11-06T20:13:01.912Z"}
{"isAuthenticated":true,"level":"info","message":"Request received:","method":"GET","path":"/favicon.ico","timestamp":"2024-11-06T20:13:04.882Z"}
{"isAuthenticated":true,"level":"info","message":"Request received:","method":"GET","path":"/sounds/ringtone.mp3","timestamp":"2024-11-06T20:13:04.884Z"}
{"isAuthenticated":true,"level":"info","message":"Request received:","method":"GET","path":"/sounds/ringtone.mp3","timestamp":"2024-11-06T20:13:07.586Z"}
{"isAuthenticated":true,"level":"info","message":"Request received:","method":"GET","path":"/sounds/ringtone.mp3","timestamp":"2024-11-06T20:13:16.643Z"}
{"isAuthenticated":true,"level":"info","message":"Request received:","method":"GET","path":"/sounds/hangup.wav","timestamp":"2024-11-06T20:13:16.645Z"}
{"isAuthenticated":true,"level":"info","message":"Request received:","method":"GET","path":"/favicon.ico","timestamp":"2024-11-06T20:13:24.388Z"}
{"isAuthenticated":true,"level":"info","message":"Request received:","method":"GET","path":"/sounds/ringtone.mp3","timestamp":"2024-11-06T20:13:27.103Z"}
{"isAuthenticated":true,"level":"info","message":"Request received:","method":"GET","path":"/index.html","timestamp":"2024-11-06T20:17:42.265Z"}
{"isAuthenticated":true,"level":"info","message":"Request received:","method":"GET","path":"/styles.css","timestamp":"2024-11-06T20:17:42.299Z"}
{"isAuthenticated":true,"level":"info","message":"Request received:","method":"GET","path":"/app.js","timestamp":"2024-11-06T20:17:42.302Z"}
{"isAuthenticated":true,"level":"info","message":"Request received:","method":"GET","path":"/sounds/hangup.wav","timestamp":"2024-11-06T20:17:42.303Z"}
{"isAuthenticated":true,"level":"info","message":"Request received:","method":"GET","path":"/sounds/notification.mp3","timestamp":"2024-11-06T20:17:42.303Z"}
{"isAuthenticated":true,"level":"info","message":"Request received:","method":"GET","path":"/index.html","timestamp":"2024-11-06T20:17:46.269Z"}
{"isAuthenticated":true,"level":"info","message":"Request received:","method":"GET","path":"/styles.css","timestamp":"2024-11-06T20:17:46.287Z"}
{"isAuthenticated":true,"level":"info","message":"Request received:","method":"GET","path":"/app.js","timestamp":"2024-11-06T20:17:46.288Z"}
{"isAuthenticated":true,"level":"info","message":"Request received:","method":"GET","path":"/sounds/ringtone.mp3","timestamp":"2024-11-06T20:17:46.297Z"}
{"isAuthenticated":true,"level":"info","message":"Request received:","method":"POST","path":"/logout","timestamp":"2024-11-06T20:17:52.482Z"}
{"isAuthenticated":false,"level":"info","message":"Request received:","method":"GET","path":"/login.html","timestamp":"2024-11-06T20:17:52.496Z"}
{"isAuthenticated":false,"level":"info","message":"Request received:","method":"GET","path":"/styles.css","timestamp":"2024-11-06T20:17:52.531Z"}
{"level":"info","message":"Unauthorized access attempt:","path":"/styles.css","timestamp":"2024-11-06T20:17:52.531Z"}
{"isAuthenticated":false,"level":"info","message":"Request received:","method":"GET","path":"/login.html","timestamp":"2024-11-06T20:17:52.536Z"}
{"level":"info","message":"Users file loaded successfully","timestamp":"2024-11-06T20:18:12.997Z","userCount":2,"users":[{"email":"batwzrd@hotmail.com","name":"Tim"},{"email":"kristino4ka388@gmail.com","name":"Christy"}]}
{"isAuthenticated":false,"level":"info","message":"Request received:","method":"GET","path":"/index.html","timestamp":"2024-11-06T20:18:15.595Z"}
{"level":"info","message":"Unauthorized access attempt:","path":"/index.html","timestamp":"2024-11-06T20:18:15.595Z"}
{"isAuthenticated":false,"level":"info","message":"Request received:","method":"GET","path":"/login.html","timestamp":"2024-11-06T20:18:15.603Z"}
{"isAuthenticated":false,"level":"info","message":"Request received:","method":"GET","path":"/styles.css","timestamp":"2024-11-06T20:18:15.623Z"}
{"level":"info","message":"Unauthorized access attempt:","path":"/styles.css","timestamp":"2024-11-06T20:18:15.624Z"}
{"isAuthenticated":false,"level":"info","message":"Request received:","method":"GET","path":"/login.html","timestamp":"2024-11-06T20:18:15.637Z"}
{"isAuthenticated":false,"level":"info","message":"Request received:","method":"POST","path":"/login","timestamp":"2024-11-06T20:18:21.483Z"}
{"body":{"email":"kristino4ka388@gmail.com"},"level":"info","message":"Login attempt received:","timestamp":"2024-11-06T20:18:21.483Z"}
{"attemptedEmail":"kristino4ka388@gmail.com","level":"info","message":"Login check result:","timestamp":"2024-11-06T20:18:21.483Z","userFound":true}
{"level":"info","message":"Login successful:","timestamp":"2024-11-06T20:18:21.483Z","user":{"email":"kristino4ka388@gmail.com","name":"Christy"}}
{"isAuthenticated":true,"level":"info","message":"Request received:","method":"GET","path":"/index.html","timestamp":"2024-11-06T20:18:21.498Z"}
{"isAuthenticated":true,"level":"info","message":"Request received:","method":"GET","path":"/styles.css","timestamp":"2024-11-06T20:18:21.535Z"}
{"isAuthenticated":true,"level":"info","message":"Request received:","method":"GET","path":"/app.js","timestamp":"2024-11-06T20:18:21.543Z"}
{"isAuthenticated":true,"level":"info","message":"Request received:","method":"GET","path":"/sounds/ringtone.mp3","timestamp":"2024-11-06T20:18:21.544Z"}
{"isAuthenticated":true,"level":"info","message":"Request received:","method":"GET","path":"/sounds/hangup.wav","timestamp":"2024-11-06T20:18:21.547Z"}
{"isAuthenticated":true,"level":"info","message":"Request received:","method":"GET","path":"/sounds/notification.mp3","timestamp":"2024-11-06T20:18:21.548Z"}
{"isAuthenticated":true,"level":"info","message":"Request received:","method":"POST","path":"/login","timestamp":"2024-11-06T20:18:26.677Z"}
{"body":{"email":"batwzrd@hotmail.com"},"level":"info","message":"Login attempt received:","timestamp":"2024-11-06T20:18:26.678Z"}
{"attemptedEmail":"batwzrd@hotmail.com","level":"info","message":"Login check result:","timestamp":"2024-11-06T20:18:26.678Z","userFound":true}
{"level":"info","message":"Login successful:","timestamp":"2024-11-06T20:18:26.678Z","user":{"email":"batwzrd@hotmail.com","name":"Tim"}}
{"isAuthenticated":true,"level":"info","message":"Request received:","method":"GET","path":"/index.html","timestamp":"2024-11-06T20:18:26.693Z"}
{"isAuthenticated":true,"level":"info","message":"Request received:","method":"GET","path":"/styles.css","timestamp":"2024-11-06T20:18:26.724Z"}
{"isAuthenticated":true,"level":"info","message":"Request received:","method":"GET","path":"/app.js","timestamp":"2024-11-06T20:18:26.729Z"}
{"isAuthenticated":true,"level":"info","message":"Request received:","method":"GET","path":"/sounds/ringtone.mp3","timestamp":"2024-11-06T20:18:26.733Z"}
{"isAuthenticated":true,"level":"info","message":"Request received:","method":"GET","path":"/sounds/hangup.wav","timestamp":"2024-11-06T20:18:26.735Z"}
{"isAuthenticated":true,"level":"info","message":"Request received:","method":"GET","path":"/sounds/notification.mp3","timestamp":"2024-11-06T20:18:26.736Z"}
{"level":"info","message":"Users file loaded successfully","timestamp":"2024-11-06T20:20:45.534Z","userCount":2,"users":[{"email":"batwzrd@hotmail.com","name":"Tim"},{"email":"kristino4ka388@gmail.com","name":"Christy"}]}
{"isAuthenticated":false,"level":"info","message":"Request received:","method":"GET","path":"/index.html","timestamp":"2024-11-06T20:20:50.212Z"}
{"level":"info","message":"Unauthorized access attempt:","path":"/index.html","timestamp":"2024-11-06T20:20:50.212Z"}
{"isAuthenticated":false,"level":"info","message":"Request received:","method":"GET","path":"/login.html","timestamp":"2024-11-06T20:20:50.219Z"}
{"isAuthenticated":false,"level":"info","message":"Request received:","method":"GET","path":"/styles.css","timestamp":"2024-11-06T20:20:50.253Z"}
{"level":"info","message":"Unauthorized access attempt:","path":"/styles.css","timestamp":"2024-11-06T20:20:50.253Z"}
{"isAuthenticated":false,"level":"info","message":"Request received:","method":"GET","path":"/login.html","timestamp":"2024-11-06T20:20:50.257Z"}
{"isAuthenticated":false,"level":"info","message":"Request received:","method":"GET","path":"/index.html","timestamp":"2024-11-06T20:20:52.769Z"}
{"level":"info","message":"Unauthorized access attempt:","path":"/index.html","timestamp":"2024-11-06T20:20:52.770Z"}
{"isAuthenticated":false,"level":"info","message":"Request received:","method":"GET","path":"/login.html","timestamp":"2024-11-06T20:20:52.773Z"}
{"isAuthenticated":false,"level":"info","message":"Request received:","method":"GET","path":"/styles.css","timestamp":"2024-11-06T20:20:52.798Z"}
{"level":"info","message":"Unauthorized access attempt:","path":"/styles.css","timestamp":"2024-11-06T20:20:52.798Z"}
{"isAuthenticated":false,"level":"info","message":"Request received:","method":"GET","path":"/login.html","timestamp":"2024-11-06T20:20:52.804Z"}
{"level":"info","message":"Users file loaded successfully","timestamp":"2024-11-06T20:26:13.530Z","userCount":2,"users":[{"email":"batwzrd@hotmail.com","name":"Tim"},{"email":"kristino4ka388@gmail.com","name":"Christy"}]}
{"isAuthenticated":false,"level":"info","message":"Request received:","method":"GET","path":"/login.html","timestamp":"2024-11-06T20:26:16.194Z"}
{"isAuthenticated":false,"level":"info","message":"Request received:","method":"GET","path":"/styles.css","timestamp":"2024-11-06T20:26:16.227Z"}
{"level":"info","message":"Unauthorized access attempt:","path":"/styles.css","timestamp":"2024-11-06T20:26:16.228Z"}
{"isAuthenticated":false,"level":"info","message":"Request received:","method":"GET","path":"/login.html","timestamp":"2024-11-06T20:26:16.233Z"}
{"isAuthenticated":false,"level":"info","message":"Request received:","method":"GET","path":"/login.html","timestamp":"2024-11-06T20:26:18.875Z"}
{"isAuthenticated":false,"level":"info","message":"Request received:","method":"GET","path":"/styles.css","timestamp":"2024-11-06T20:26:18.911Z"}
{"level":"info","message":"Unauthorized access attempt:","path":"/styles.css","timestamp":"2024-11-06T20:26:18.911Z"}
{"isAuthenticated":false,"level":"info","message":"Request received:","method":"GET","path":"/login.html","timestamp":"2024-11-06T20:26:18.923Z"}
{"isAuthenticated":false,"level":"info","message":"Request received:","method":"POST","path":"/login","timestamp":"2024-11-06T20:26:22.023Z"}
{"body":{"email":"kristino4ka388@gmail.com"},"level":"info","message":"Login attempt received:","timestamp":"2024-11-06T20:26:22.024Z"}
{"attemptedEmail":"kristino4ka388@gmail.com","level":"info","message":"Login check result:","timestamp":"2024-11-06T20:26:22.024Z","userFound":true}
{"level":"info","message":"Login successful:","timestamp":"2024-11-06T20:26:22.024Z","user":{"email":"kristino4ka388@gmail.com","name":"Christy"}}
{"isAuthenticated":true,"level":"info","message":"Request received:","method":"GET","path":"/index.html","timestamp":"2024-11-06T20:26:22.039Z"}
{"isAuthenticated":true,"level":"info","message":"Request received:","method":"GET","path":"/styles.css","timestamp":"2024-11-06T20:26:22.079Z"}
{"isAuthenticated":true,"level":"info","message":"Request received:","method":"GET","path":"/app.js","timestamp":"2024-11-06T20:26:22.086Z"}
{"isAuthenticated":true,"level":"info","message":"Request received:","method":"GET","path":"/sounds/ringtone.mp3","timestamp":"2024-11-06T20:26:22.088Z"}
{"isAuthenticated":true,"level":"info","message":"Request received:","method":"GET","path":"/sounds/hangup.wav","timestamp":"2024-11-06T20:26:22.089Z"}
{"isAuthenticated":true,"level":"info","message":"Request received:","method":"GET","path":"/sounds/notification.mp3","timestamp":"2024-11-06T20:26:22.093Z"}
{"isAuthenticated":true,"level":"info","message":"Request received:","method":"GET","path":"/check-auth","timestamp":"2024-11-06T20:26:22.103Z"}
{"language":"UK","level":"info","message":"Language set:","socketId":"rcs7VL9kp-AJsTvgAAAB","timestamp":"2024-11-06T20:26:25.844Z"}
{"isAuthenticated":true,"level":"info","message":"Request received:","method":"POST","path":"/login","timestamp":"2024-11-06T20:26:29.640Z"}
{"body":{"email":"batwzrd@hotmail.com"},"level":"info","message":"Login attempt received:","timestamp":"2024-11-06T20:26:29.641Z"}
{"attemptedEmail":"batwzrd@hotmail.com","level":"info","message":"Login check result:","timestamp":"2024-11-06T20:26:29.641Z","userFound":true}
{"level":"info","message":"Login successful:","timestamp":"2024-11-06T20:26:29.641Z","user":{"email":"batwzrd@hotmail.com","name":"Tim"}}
{"isAuthenticated":true,"level":"info","message":"Request received:","method":"GET","path":"/index.html","timestamp":"2024-11-06T20:26:29.654Z"}
{"isAuthenticated":true,"level":"info","message":"Request received:","method":"GET","path":"/styles.css","timestamp":"2024-11-06T20:26:29.692Z"}
{"isAuthenticated":true,"level":"info","message":"Request received:","method":"GET","path":"/app.js","timestamp":"2024-11-06T20:26:29.699Z"}
{"isAuthenticated":true,"level":"info","message":"Request received:","method":"GET","path":"/sounds/ringtone.mp3","timestamp":"2024-11-06T20:26:29.701Z"}
{"isAuthenticated":true,"level":"info","message":"Request received:","method":"GET","path":"/sounds/hangup.wav","timestamp":"2024-11-06T20:26:29.702Z"}
{"isAuthenticated":true,"level":"info","message":"Request received:","method":"GET","path":"/sounds/notification.mp3","timestamp":"2024-11-06T20:26:29.705Z"}
{"isAuthenticated":true,"level":"info","message":"Request received:","method":"GET","path":"/check-auth","timestamp":"2024-11-06T20:26:29.721Z"}
{"isAuthenticated":true,"level":"info","message":"Request received:","method":"GET","path":"/favicon.ico","timestamp":"2024-11-06T20:26:33.263Z"}
{"isAuthenticated":true,"level":"info","message":"Request received:","method":"GET","path":"/sounds/ringtone.mp3","timestamp":"2024-11-06T20:26:33.265Z"}
{"isAuthenticated":true,"level":"info","message":"Request received:","method":"GET","path":"/sounds/ringtone.mp3","timestamp":"2024-11-06T20:26:35.932Z"}
{"isAuthenticated":true,"level":"info","message":"Request received:","method":"GET","path":"/index.html","timestamp":"2024-11-06T20:32:18.549Z"}
{"isAuthenticated":true,"level":"info","message":"Request received:","method":"GET","path":"/styles.css","timestamp":"2024-11-06T20:32:18.580Z"}
{"isAuthenticated":true,"level":"info","message":"Request received:","method":"GET","path":"/app.js","timestamp":"2024-11-06T20:32:18.587Z"}
{"isAuthenticated":true,"level":"info","message":"Request received:","method":"GET","path":"/sounds/ringtone.mp3","timestamp":"2024-11-06T20:32:18.587Z"}
{"isAuthenticated":true,"level":"info","message":"Request received:","method":"GET","path":"/sounds/hangup.wav","timestamp":"2024-11-06T20:32:18.588Z"}
{"isAuthenticated":true,"level":"info","message":"Request received:","method":"GET","path":"/sounds/notification.mp3","timestamp":"2024-11-06T20:32:18.590Z"}
{"isAuthenticated":true,"level":"info","message":"Request received:","method":"GET","path":"/check-auth","timestamp":"2024-11-06T20:32:18.600Z"}
{"isAuthenticated":true,"level":"info","message":"Request received:","method":"GET","path":"/index.html","timestamp":"2024-11-06T20:32:21.765Z"}
{"isAuthenticated":true,"level":"info","message":"Request received:","method":"GET","path":"/styles.css","timestamp":"2024-11-06T20:32:21.795Z"}
{"isAuthenticated":true,"level":"info","message":"Request received:","method":"GET","path":"/app.js","timestamp":"2024-11-06T20:32:21.798Z"}
{"isAuthenticated":true,"level":"info","message":"Request received:","method":"GET","path":"/sounds/notification.mp3","timestamp":"2024-11-06T20:32:21.799Z"}
{"isAuthenticated":true,"level":"info","message":"Request received:","method":"GET","path":"/sounds/hangup.wav","timestamp":"2024-11-06T20:32:21.799Z"}
{"isAuthenticated":true,"level":"info","message":"Request received:","method":"GET","path":"/check-auth","timestamp":"2024-11-06T20:32:21.811Z"}
{"isAuthenticated":true,"level":"info","message":"Request received:","method":"GET","path":"/sounds/ringtone.mp3","timestamp":"2024-11-06T20:32:36.027Z"}
{"isAuthenticated":true,"level":"info","message":"Request received:","method":"GET","path":"/sounds/ringtone.mp3","timestamp":"2024-11-06T20:32:36.030Z"}
{"isAuthenticated":true,"level":"info","message":"Request received:","method":"GET","path":"/favicon.ico","timestamp":"2024-11-06T20:32:41.792Z"}
{"isAuthenticated":true,"level":"info","message":"Request received:","method":"GET","path":"/sounds/ringtone.mp3","timestamp":"2024-11-06T20:32:44.498Z"}
{"isAuthenticated":true,"level":"info","message":"Request received:","method":"GET","path":"/favicon.ico","timestamp":"2024-11-06T20:33:02.263Z"}
{"isAuthenticated":true,"level":"info","message":"Request received:","method":"GET","path":"/sounds/notification.mp3","timestamp":"2024-11-06T20:33:02.264Z"}
{"isAuthenticated":true,"level":"info","message":"Request received:","method":"POST","path":"/logout","timestamp":"2024-11-06T20:33:53.099Z"}
{"isAuthenticated":false,"level":"info","message":"Request received:","method":"GET","path":"/login.html","timestamp":"2024-11-06T20:33:53.113Z"}
{"isAuthenticated":false,"level":"info","message":"Request received:","method":"GET","path":"/styles.css","timestamp":"2024-11-06T20:33:53.156Z"}
{"level":"info","message":"Unauthorized access attempt:","path":"/styles.css","timestamp":"2024-11-06T20:33:53.156Z"}
{"isAuthenticated":false,"level":"info","message":"Request received:","method":"GET","path":"/login.html","timestamp":"2024-11-06T20:33:53.164Z"}
{"isAuthenticated":false,"level":"info","message":"Request received:","method":"POST","path":"/logout","timestamp":"2024-11-06T20:33:54.921Z"}
{"level":"info","message":"Unauthorized access attempt:","path":"/logout","timestamp":"2024-11-06T20:33:54.921Z"}
{"isAuthenticated":false,"level":"info","message":"Request received:","method":"GET","path":"/login.html","timestamp":"2024-11-06T20:33:54.931Z"}
{"isAuthenticated":false,"level":"info","message":"Request received:","method":"GET","path":"/login.html","timestamp":"2024-11-06T20:33:54.964Z"}
{"isAuthenticated":false,"level":"info","message":"Request received:","method":"GET","path":"/styles.css","timestamp":"2024-11-06T20:33:54.997Z"}
{"level":"info","message":"Unauthorized access attempt:","path":"/styles.css","timestamp":"2024-11-06T20:33:54.998Z"}
{"isAuthenticated":false,"level":"info","message":"Request received:","method":"GET","path":"/login.html","timestamp":"2024-11-06T20:33:55.003Z"}
{"isAuthenticated":false,"level":"info","message":"Request received:","method":"POST","path":"/login","timestamp":"2024-11-06T20:33:58.665Z"}
{"body":{"email":"kristino4ka388@gmail.com"},"level":"info","message":"Login attempt received:","timestamp":"2024-11-06T20:33:58.666Z"}
{"attemptedEmail":"kristino4ka388@gmail.com","level":"info","message":"Login check result:","timestamp":"2024-11-06T20:33:58.666Z","userFound":true}
{"level":"info","message":"Login successful:","timestamp":"2024-11-06T20:33:58.666Z","user":{"email":"kristino4ka388@gmail.com","name":"Christy"}}
{"isAuthenticated":true,"level":"info","message":"Request received:","method":"GET","path":"/index.html","timestamp":"2024-11-06T20:33:58.679Z"}
{"isAuthenticated":true,"level":"info","message":"Request received:","method":"GET","path":"/styles.css","timestamp":"2024-11-06T20:33:58.713Z"}
{"isAuthenticated":true,"level":"info","message":"Request received:","method":"GET","path":"/app.js","timestamp":"2024-11-06T20:33:58.718Z"}
{"isAuthenticated":true,"level":"info","message":"Request received:","method":"GET","path":"/sounds/ringtone.mp3","timestamp":"2024-11-06T20:33:58.719Z"}
{"isAuthenticated":true,"level":"info","message":"Request received:","method":"GET","path":"/sounds/hangup.wav","timestamp":"2024-11-06T20:33:58.723Z"}
{"isAuthenticated":true,"level":"info","message":"Request received:","method":"GET","path":"/sounds/notification.mp3","timestamp":"2024-11-06T20:33:58.724Z"}
{"isAuthenticated":true,"level":"info","message":"Request received:","method":"GET","path":"/check-auth","timestamp":"2024-11-06T20:33:58.733Z"}
{"isAuthenticated":true,"level":"info","message":"Request received:","method":"POST","path":"/login","timestamp":"2024-11-06T20:34:03.231Z"}
{"body":{"email":"batwzrd@hotmail.com"},"level":"info","message":"Login attempt received:","timestamp":"2024-11-06T20:34:03.232Z"}
{"attemptedEmail":"batwzrd@hotmail.com","level":"info","message":"Login check result:","timestamp":"2024-11-06T20:34:03.232Z","userFound":true}
{"level":"info","message":"Login successful:","timestamp":"2024-11-06T20:34:03.232Z","user":{"email":"batwzrd@hotmail.com","name":"Tim"}}
{"isAuthenticated":true,"level":"info","message":"Request received:","method":"GET","path":"/index.html","timestamp":"2024-11-06T20:34:03.245Z"}
{"isAuthenticated":true,"level":"info","message":"Request received:","method":"GET","path":"/styles.css","timestamp":"2024-11-06T20:34:03.280Z"}
{"isAuthenticated":true,"level":"info","message":"Request received:","method":"GET","path":"/app.js","timestamp":"2024-11-06T20:34:03.283Z"}
{"isAuthenticated":true,"level":"info","message":"Request received:","method":"GET","path":"/sounds/ringtone.mp3","timestamp":"2024-11-06T20:34:03.286Z"}
{"isAuthenticated":true,"level":"info","message":"Request received:","method":"GET","path":"/sounds/hangup.wav","timestamp":"2024-11-06T20:34:03.287Z"}
{"isAuthenticated":true,"level":"info","message":"Request received:","method":"GET","path":"/sounds/notification.mp3","timestamp":"2024-11-06T20:34:03.287Z"}
{"isAuthenticated":true,"level":"info","message":"Request received:","method":"GET","path":"/check-auth","timestamp":"2024-11-06T20:34:03.299Z"}
{"isAuthenticated":true,"level":"info","message":"Request received:","method":"GET","path":"/favicon.ico","timestamp":"2024-11-06T20:34:06.225Z"}
{"isAuthenticated":true,"level":"info","message":"Request received:","method":"GET","path":"/sounds/ringtone.mp3","timestamp":"2024-11-06T20:34:06.230Z"}
{"isAuthenticated":true,"level":"info","message":"Request received:","method":"GET","path":"/sounds/ringtone.mp3","timestamp":"2024-11-06T20:34:09.000Z"}
{"isAuthenticated":true,"level":"info","message":"Request received:","method":"GET","path":"/sounds/ringtone.mp3","timestamp":"2024-11-06T20:34:09.060Z"}
{"isAuthenticated":true,"level":"info","message":"Request received:","method":"GET","path":"/favicon.ico","timestamp":"2024-11-06T20:34:14.253Z"}
{"isAuthenticated":true,"level":"info","message":"Request received:","method":"GET","path":"/sounds/ringtone.mp3","timestamp":"2024-11-06T20:34:16.988Z"}
{"isAuthenticated":true,"level":"info","message":"Request received:","method":"POST","path":"/logout","timestamp":"2024-11-06T20:35:28.973Z"}
{"isAuthenticated":false,"level":"info","message":"Request received:","method":"GET","path":"/login.html","timestamp":"2024-11-06T20:35:28.990Z"}
{"isAuthenticated":false,"level":"info","message":"Request received:","method":"GET","path":"/styles.css","timestamp":"2024-11-06T20:35:29.034Z"}
{"level":"info","message":"Unauthorized access attempt:","path":"/styles.css","timestamp":"2024-11-06T20:35:29.034Z"}
{"isAuthenticated":false,"level":"info","message":"Request received:","method":"GET","path":"/login.html","timestamp":"2024-11-06T20:35:29.039Z"}
{"isAuthenticated":false,"level":"info","message":"Request received:","method":"POST","path":"/logout","timestamp":"2024-11-06T20:35:30.720Z"}
{"level":"info","message":"Unauthorized access attempt:","path":"/logout","timestamp":"2024-11-06T20:35:30.720Z"}
{"isAuthenticated":false,"level":"info","message":"Request received:","method":"GET","path":"/login.html","timestamp":"2024-11-06T20:35:30.727Z"}
{"isAuthenticated":false,"level":"info","message":"Request received:","method":"GET","path":"/login.html","timestamp":"2024-11-06T20:35:30.742Z"}
{"isAuthenticated":false,"level":"info","message":"Request received:","method":"GET","path":"/styles.css","timestamp":"2024-11-06T20:35:30.780Z"}
{"level":"info","message":"Unauthorized access attempt:","path":"/styles.css","timestamp":"2024-11-06T20:35:30.780Z"}
{"isAuthenticated":false,"level":"info","message":"Request received:","method":"GET","path":"/login.html","timestamp":"2024-11-06T20:35:30.787Z"}
